<?xml version="1.0" encoding="UTF-8"?>
<testng-results ignored="0" total="1" passed="1" failed="0" skipped="0">
  <reporter-output>
  </reporter-output>
  <suite started-at="2023-01-03T13:58:46 IST" name="Default suite" finished-at="2023-01-03T13:58:46 IST" duration-ms="66">
    <groups>
    </groups>
    <test started-at="2023-01-03T13:58:46 IST" name="Default test" finished-at="2023-01-03T13:58:46 IST" duration-ms="66">
      <class name="com.sdet.sdetPractise.docker.DockerBaseTest">
        <test-method signature="initializeDockerServer()[pri:0, instance:com.sdet.sdetPractise.docker.DockerBaseTest@28f3b248]" started-at="2023-01-03T13:58:46 IST" name="initializeDockerServer" finished-at="2023-01-03T13:58:46 IST" duration-ms="34" status="PASS">
          <reporter-output>
          </reporter-output>
        </test-method> <!-- initializeDockerServer -->
      </class> <!-- com.sdet.sdetPractise.Docker.DockerStart -->
    </test> <!-- Default test -->
  </suite> <!-- Default suite -->
</testng-results>
