<?xml version="1.0" encoding="UTF-8"?>
<!-- Generated by org.testng.reporters.JUnitXMLReporter -->
<testsuite ignored="0" hostname="PE-BGLR-683" failures="0" tests="3" name="ChromeTest" time="6.038" errors="0" timestamp="2022-12-30T21:04:42 IST">
  <testcase classname="com.sdet.sdetPractise.docker.RemoteGridWithDocker1" name="test1" time="4.855"/>
  <testcase classname="com.sdet.sdetPractise.docker.RemoteGridWithDocker2" name="test2" time="5.898"/>
  <testcase classname="com.sdet.sdetPractise.docker.RemoteGridWithDocker3" name="test3" time="5.963"/>
</testsuite> <!-- ChromeTest -->
